<?xml version="1.0" encoding="UTF-8"?>
<!-- Generated by org.testng.reporters.JUnitReportReporter -->
<testsuite skipped="0" hostname="Algubelli" name="selfadmin.Test1" tests="1" failures="0" timestamp="04 Jun 2017 16:49:52 GMT" time="0.024" errors="0">
  <testcase name="abc" time="0.024" classname="selfadmin.Test1"/>
</testsuite> <!-- selfadmin.Test1 -->
